<?xml version="1.0" encoding="UTF-8" ?>
<testsuite tests="6" failures="0" name="jenkins.CalculatorTest" time="0.004" errors="0" skipped="0">
  <properties>
    <property name="java.runtime.name" value="Java(TM) SE Runtime Environment"/>
    <property name="sun.boot.library.path" value="C:\Program Files\Java\jdk1.8.0_271\jre\bin"/>
    <property name="java.vm.version" value="25.271-b09"/>
    <property name="java.vm.vendor" value="Oracle Corporation"/>
    <property name="maven.multiModuleProjectDirectory" value="C:\Users\somali.bayi\Documents\training\jenkins"/>
    <property name="java.vendor.url" value="http://java.oracle.com/"/>
    <property name="path.separator" value=";"/>
    <property name="guice.disable.misplaced.annotation.check" value="true"/>
    <property name="java.vm.name" value="Java HotSpot(TM) 64-Bit Server VM"/>
    <property name="file.encoding.pkg" value="sun.io"/>
    <property name="user.script" value=""/>
    <property name="user.country" value="US"/>
    <property name="sun.java.launcher" value="SUN_STANDARD"/>
    <property name="sun.os.patch.level" value=""/>
    <property name="java.vm.specification.name" value="Java Virtual Machine Specification"/>
    <property name="user.dir" value="C:\Users\somali.bayi\Documents\training\jenkins"/>
    <property name="java.runtime.version" value="1.8.0_271-b09"/>
    <property name="java.awt.graphicsenv" value="sun.awt.Win32GraphicsEnvironment"/>
    <property name="java.endorsed.dirs" value="C:\Program Files\Java\jdk1.8.0_271\jre\lib\endorsed"/>
    <property name="os.arch" value="amd64"/>
    <property name="java.io.tmpdir" value="C:\Users\SOMALI~1.BAY\AppData\Local\Temp\"/>
    <property name="line.separator" value="
"/>
    <property name="java.vm.specification.vendor" value="Oracle Corporation"/>
    <property name="user.variant" value=""/>
    <property name="os.name" value="Windows 10"/>
    <property name="classworlds.conf" value="C:\Program Files\apache-maven-3.6.3\bin\..\bin\m2.conf"/>
    <property name="sun.jnu.encoding" value="Cp1252"/>
    <property name="java.library.path" value="C:\Program Files\Java\jdk1.8.0_271\bin;C:\windows\Sun\Java\bin;C:\windows\system32;C:\windows;C:/Users/somali.bayi/.p2/pool/plugins/org.eclipse.justj.openjdk.hotspot.jre.full.win32.x86_64_15.0.1.v20201027-0507/jre/bin/server;C:/Users/somali.bayi/.p2/pool/plugins/org.eclipse.justj.openjdk.hotspot.jre.full.win32.x86_64_15.0.1.v20201027-0507/jre/bin;C:\Program Files\AdoptOpenJDK\jdk-11.0.10.9-hotspot\bin;C:\Python39\Scripts\;C:\Python39\;C:\Program Files (x86)\Common Files\Oracle\Java\javapath;C:\windows\system32;C:\windows;C:\windows\System32\Wbem;C:\windows\System32\WindowsPowerShell\v1.0\;C:\windows\System32\OpenSSH\;C:\Program Files\Java\jdk1.8.0_271\bin;C:\Program Files\Git\cmd;C:\Program Files\nodejs\;C:\ProgramData\chocolatey\bin;C:\Program Files\apache-maven-3.6.3\bin;C:\Program Files\gradle-6.8.1\bin;C:\Users\somali.bayi\OneDrive - Perficient, Inc\Documents\Software\android-sdk\platform-tools;C:\Users\somali.bayi\OneDrive - Perficient, Inc\Documents\Software\android-sdk\tools;C:\Users\somali.bayi\OneDrive - Perficient, Inc\Documents\Software\android-sdk\tools\bin;C:\Program Files\TortoiseSVN\bin;C:\Program Files\Docker\Docker\resources\bin;C:\ProgramData\DockerDesktop\version-bin;C:\Users\somali.bayi\AppData\Local\Microsoft\WindowsApps;C:\Users\somali.bayi\AppData\Local\Programs\Microsoft VS Code\bin;C:\Program Files\JetBrains\IntelliJ IDEA 2020.3.1\bin;;C:\Users\somali.bayi\AppData\Roaming\npm;C:\Program Files\TestProject Agent;C:\windows\System32;;."/>
    <property name="maven.conf" value="C:\Program Files\apache-maven-3.6.3\bin\../conf"/>
    <property name="java.specification.name" value="Java Platform API Specification"/>
    <property name="java.class.version" value="52.0"/>
    <property name="sun.management.compiler" value="HotSpot 64-Bit Tiered Compilers"/>
    <property name="os.version" value="10.0"/>
    <property name="library.jansi.path" value="C:\Program Files\apache-maven-3.6.3\bin\..\lib\jansi-native"/>
    <property name="user.home" value="C:\Users\somali.bayi"/>
    <property name="user.timezone" value="America/New_York"/>
    <property name="java.awt.printerjob" value="sun.awt.windows.WPrinterJob"/>
    <property name="java.specification.version" value="1.8"/>
    <property name="file.encoding" value="Cp1252"/>
    <property name="user.name" value="somali.bayi"/>
    <property name="java.class.path" value="C:\Program Files\apache-maven-3.6.3\bin\..\boot\plexus-classworlds-2.6.0.jar"/>
    <property name="java.vm.specification.version" value="1.8"/>
    <property name="sun.arch.data.model" value="64"/>
    <property name="java.home" value="C:\Program Files\Java\jdk1.8.0_271\jre"/>
    <property name="sun.java.command" value="org.codehaus.plexus.classworlds.launcher.Launcher clean test sonar:sonar"/>
    <property name="java.specification.vendor" value="Oracle Corporation"/>
    <property name="user.language" value="en"/>
    <property name="awt.toolkit" value="sun.awt.windows.WToolkit"/>
    <property name="java.vm.info" value="mixed mode"/>
    <property name="java.version" value="1.8.0_271"/>
    <property name="java.ext.dirs" value="C:\Program Files\Java\jdk1.8.0_271\jre\lib\ext;C:\windows\Sun\Java\lib\ext"/>
    <property name="sun.boot.class.path" value="C:\Program Files\Java\jdk1.8.0_271\jre\lib\resources.jar;C:\Program Files\Java\jdk1.8.0_271\jre\lib\rt.jar;C:\Program Files\Java\jdk1.8.0_271\jre\lib\sunrsasign.jar;C:\Program Files\Java\jdk1.8.0_271\jre\lib\jsse.jar;C:\Program Files\Java\jdk1.8.0_271\jre\lib\jce.jar;C:\Program Files\Java\jdk1.8.0_271\jre\lib\charsets.jar;C:\Program Files\Java\jdk1.8.0_271\jre\lib\jfr.jar;C:\Program Files\Java\jdk1.8.0_271\jre\classes"/>
    <property name="sun.stderr.encoding" value="cp437"/>
    <property name="java.vendor" value="Oracle Corporation"/>
    <property name="maven.home" value="C:\Program Files\apache-maven-3.6.3\bin\.."/>
    <property name="file.separator" value="\"/>
    <property name="java.vendor.url.bug" value="http://bugreport.sun.com/bugreport/"/>
    <property name="sun.cpu.endian" value="little"/>
    <property name="sun.io.unicode.encoding" value="UnicodeLittle"/>
    <property name="sun.stdout.encoding" value="cp437"/>
    <property name="sun.desktop" value="windows"/>
    <property name="sun.cpu.isalist" value="amd64"/>
  </properties>
  <testcase classname="jenkins.CalculatorTest" name="subTest" time="0.004"/>
  <testcase classname="jenkins.CalculatorTest" name="subTest_aNull" time="0"/>
  <testcase classname="jenkins.CalculatorTest" name="subTest_bNull" time="0"/>
  <testcase classname="jenkins.CalculatorTest" name="addTest" time="0"/>
  <testcase classname="jenkins.CalculatorTest" name="addTest_aNull" time="0"/>
  <testcase classname="jenkins.CalculatorTest" name="addTest_bNull" time="0"/>
</testsuite>